0 info it worked if it ends with ok
1 verbose cli [ 'C:\\Program Files (x86)\\nodejs\\node.exe',
1 verbose cli   'C:\\Program Files (x86)\\nodejs\\node_modules\\npm\\bin\\npm-cli.js',
1 verbose cli   'version',
1 verbose cli   'minor',
1 verbose cli   '-m',
1 verbose cli   'add browserify task' ]
2 info using npm@2.11.2
3 info using node@v0.12.5
4 error version No valid package.json found
5 verbose stack SyntaxError: Unexpected token u
5 verbose stack     at Object.parse (native)
5 verbose stack     at C:\Program Files (x86)\nodejs\node_modules\npm\lib\version.js:32:19
5 verbose stack     at evalmachine.<anonymous>:263:20
5 verbose stack     at OpenReq.Req.done (C:\Program Files (x86)\nodejs\node_modules\npm\node_modules\graceful-fs\graceful-fs.js:141:5)
5 verbose stack     at OpenReq.done (C:\Program Files (x86)\nodejs\node_modules\npm\node_modules\graceful-fs\graceful-fs.js:61:22)
5 verbose stack     at FSReqWrap.oncomplete (evalmachine.<anonymous>:95:15)
6 verbose cwd D:\workspace\learn\gulp-starter
7 error Windows_NT 6.3.9600
8 error argv "C:\\Program Files (x86)\\nodejs\\node.exe" "C:\\Program Files (x86)\\nodejs\\node_modules\\npm\\bin\\npm-cli.js" "version" "minor" "-m" "add browserify task"
9 error node v0.12.5
10 error npm  v2.11.2
11 error Unexpected token u
12 error If you need help, you may report this error at:
12 error     <https://github.com/npm/npm/issues>
13 verbose exit [ 1, true ]
